e:\c++\qvina-w\qvina-w-gpu-version1\release\vc142.pdb
e:\c++\qvina-w\qvina-w-gpu-version1\release\ssd.obj
e:\c++\qvina-w\qvina-w-gpu-version1\release\random.obj
e:\c++\qvina-w\qvina-w-gpu-version1\release\quaternion.obj
e:\c++\qvina-w\qvina-w-gpu-version1\release\quasi_newton.obj
e:\c++\qvina-w\qvina-w-gpu-version1\release\pdb.obj
e:\c++\qvina-w\qvina-w-gpu-version1\release\parse_pdbqt.obj
e:\c++\qvina-w\qvina-w-gpu-version1\release\parallel_progress.obj
e:\c++\qvina-w\qvina-w-gpu-version1\release\parallel_mc.obj
e:\c++\qvina-w\qvina-w-gpu-version1\release\non_cache.obj
e:\c++\qvina-w\qvina-w-gpu-version1\release\naive_non_cache.obj
e:\c++\qvina-w\qvina-w-gpu-version1\release\my_pid.obj
e:\c++\qvina-w\qvina-w-gpu-version1\release\mutate.obj
e:\c++\qvina-w\qvina-w-gpu-version1\release\monte_carlo.obj
e:\c++\qvina-w\qvina-w-gpu-version1\release\model.obj
e:\c++\qvina-w\qvina-w-gpu-version1\release\manifold.obj
e:\c++\qvina-w\qvina-w-gpu-version1\release\grid.obj
e:\c++\qvina-w\qvina-w-gpu-version1\release\everything.obj
e:\c++\qvina-w\qvina-w-gpu-version1\release\current_weights.obj
e:\c++\qvina-w\qvina-w-gpu-version1\release\coords.obj
e:\c++\qvina-w\qvina-w-gpu-version1\release\cache.obj
e:\c++\qvina-w\qvina-w-gpu-version1\release\wrapcl.obj
e:\c++\qvina-w\qvina-w-gpu-version1\release\main.obj
e:\c++\qvina-w\qvina-w-gpu-version1\release\weighted_terms.obj
e:\c++\qvina-w\qvina-w-gpu-version1\release\visited.obj
e:\c++\qvina-w\qvina-w-gpu-version1\release\terms.obj
e:\c++\qvina-w\qvina-w-gpu-version1\release\szv_grid.obj
e:\c++\qvina-w\qvina-w-gpu-version1\release\qvina-w-gpu-version1.exe
e:\c++\qvina-w\qvina-w-gpu-version1\release\qvina-w-gpu-version1.pdb
e:\c++\qvina-w\qvina-w-gpu-version1\release\qvina-w-gpu-version1.ipdb
e:\c++\qvina-w\qvina-w-gpu-version1\release\qvina-w-gpu-version1.iobj
e:\c++\qvina-w\qvina-w-gpu-version1\release\qvina-w-.bdaa32e5.tlog\cl.command.1.tlog
e:\c++\qvina-w\qvina-w-gpu-version1\release\qvina-w-.bdaa32e5.tlog\cl.read.1.tlog
e:\c++\qvina-w\qvina-w-gpu-version1\release\qvina-w-.bdaa32e5.tlog\cl.write.1.tlog
e:\c++\qvina-w\qvina-w-gpu-version1\release\qvina-w-.bdaa32e5.tlog\link.command.1.tlog
e:\c++\qvina-w\qvina-w-gpu-version1\release\qvina-w-.bdaa32e5.tlog\link.read.1.tlog
e:\c++\qvina-w\qvina-w-gpu-version1\release\qvina-w-.bdaa32e5.tlog\link.write.1.tlog
e:\c++\qvina-w\qvina-w-gpu-version1\release\qvina-w-.bdaa32e5.tlog\qvina-w-gpu-version1.write.1u.tlog
